2021-10-20 10:26:29,770 [Worker-6: Loading available Gradle versions] INFO  o.e.b.c.i.u.g.PublishedGradleVersions - Gradle version information cache is up-to-date. Trying to read.
2021-10-20 10:28:10,201 [Worker-5: Creating project "QuanLyLuongSanPham"] INFO  o.e.m.c.i.l.LifecycleMappingFactory - Using org.eclipse.m2e.jdt.JarLifecycleMapping lifecycle mapping for MavenProject: QuanLyLuongSanPham:QuanLyLuongSanPham:0.0.1-SNAPSHOT @ D:\HOC_TAP\Nam 3-HK1\PTUD\BaiTapLon\QuanLyLuongSanPham\pom.xml.
2021-10-20 10:28:10,667 [Worker-5: Creating project "QuanLyLuongSanPham"] INFO  o.e.m.j.i.AbstractJavaProjectConfigurator - Adding source folder /QuanLyLuongSanPham/src/main/java
2021-10-20 10:28:10,669 [Worker-5: Creating project "QuanLyLuongSanPham"] INFO  o.e.m.j.i.AbstractJavaProjectConfigurator - Adding resource folder /QuanLyLuongSanPham/src/main/resources
2021-10-20 10:28:10,670 [Worker-5: Creating project "QuanLyLuongSanPham"] INFO  o.e.m.j.i.AbstractJavaProjectConfigurator - Adding source folder /QuanLyLuongSanPham/src/test/java
2021-10-20 10:28:10,670 [Worker-5: Creating project "QuanLyLuongSanPham"] INFO  o.e.m.j.i.AbstractJavaProjectConfigurator - Adding resource folder /QuanLyLuongSanPham/src/test/resources
2021-10-20 10:28:11,043 [Worker-27: Building] WARN  o.e.m.c.i.embedder.EclipseLogger - Using platform encoding (Cp1252 actually) to copy filtered resources, i.e. build is platform dependent!
2021-10-20 10:28:11,047 [Worker-27: Building] INFO  o.e.m.c.i.embedder.EclipseLogger - Copying 0 resource
2021-10-20 10:28:11,049 [Worker-27: Building] WARN  o.e.m.c.i.embedder.EclipseLogger - Using platform encoding (Cp1252 actually) to copy filtered resources, i.e. build is platform dependent!
2021-10-20 10:28:11,049 [Worker-27: Building] INFO  o.e.m.c.i.embedder.EclipseLogger - Copying 0 resource
2021-10-20 10:29:26,781 [Worker-24: Building] WARN  o.e.m.c.i.embedder.EclipseLogger - Using platform encoding (Cp1252 actually) to copy filtered resources, i.e. build is platform dependent!
2021-10-20 10:29:26,784 [Worker-24: Building] INFO  o.e.m.c.i.embedder.EclipseLogger - Copying 0 resource
2021-10-20 10:29:26,786 [Worker-24: Building] WARN  o.e.m.c.i.embedder.EclipseLogger - Using platform encoding (Cp1252 actually) to copy filtered resources, i.e. build is platform dependent!
2021-10-20 10:29:26,789 [Worker-24: Building] INFO  o.e.m.c.i.embedder.EclipseLogger - Copying 0 resource
2021-10-20 10:29:27,806 [Worker-14: Building] WARN  o.e.m.c.i.embedder.EclipseLogger - Using platform encoding (Cp1252 actually) to copy filtered resources, i.e. build is platform dependent!
2021-10-20 10:29:27,807 [Worker-14: Building] INFO  o.e.m.c.i.embedder.EclipseLogger - Copying 0 resource
2021-10-20 10:29:27,807 [Worker-14: Building] WARN  o.e.m.c.i.embedder.EclipseLogger - Using platform encoding (Cp1252 actually) to copy filtered resources, i.e. build is platform dependent!
2021-10-20 10:29:27,808 [Worker-14: Building] INFO  o.e.m.c.i.embedder.EclipseLogger - Copying 0 resource
2021-10-20 10:33:37,494 [Worker-7: Building] WARN  o.e.m.c.i.embedder.EclipseLogger - Using platform encoding (Cp1252 actually) to copy filtered resources, i.e. build is platform dependent!
2021-10-20 10:33:37,528 [Worker-7: Building] INFO  o.e.m.c.i.embedder.EclipseLogger - Copying 0 resource
2021-10-20 10:33:37,529 [Worker-7: Building] WARN  o.e.m.c.i.embedder.EclipseLogger - Using platform encoding (Cp1252 actually) to copy filtered resources, i.e. build is platform dependent!
2021-10-20 10:33:37,530 [Worker-7: Building] INFO  o.e.m.c.i.embedder.EclipseLogger - Copying 0 resource
2021-10-20 10:34:19,119 [Worker-7: Building] WARN  o.e.m.c.i.embedder.EclipseLogger - Using platform encoding (Cp1252 actually) to copy filtered resources, i.e. build is platform dependent!
2021-10-20 10:34:19,120 [Worker-7: Building] INFO  o.e.m.c.i.embedder.EclipseLogger - Copying 0 resource
2021-10-20 10:34:19,120 [Worker-7: Building] WARN  o.e.m.c.i.embedder.EclipseLogger - Using platform encoding (Cp1252 actually) to copy filtered resources, i.e. build is platform dependent!
2021-10-20 10:34:19,122 [Worker-7: Building] INFO  o.e.m.c.i.embedder.EclipseLogger - Copying 0 resource
2021-10-20 10:34:49,845 [Worker-0: Building] WARN  o.e.m.c.i.embedder.EclipseLogger - Using platform encoding (Cp1252 actually) to copy filtered resources, i.e. build is platform dependent!
2021-10-20 10:34:49,846 [Worker-0: Building] INFO  o.e.m.c.i.embedder.EclipseLogger - Copying 0 resource
2021-10-20 10:34:49,846 [Worker-0: Building] WARN  o.e.m.c.i.embedder.EclipseLogger - Using platform encoding (Cp1252 actually) to copy filtered resources, i.e. build is platform dependent!
2021-10-20 10:34:49,847 [Worker-0: Building] INFO  o.e.m.c.i.embedder.EclipseLogger - Copying 0 resource
2021-10-20 10:39:31,601 [Worker-7: Building] WARN  o.e.m.c.i.embedder.EclipseLogger - Using platform encoding (Cp1252 actually) to copy filtered resources, i.e. build is platform dependent!
2021-10-20 10:39:31,602 [Worker-7: Building] INFO  o.e.m.c.i.embedder.EclipseLogger - Copying 0 resource
2021-10-20 10:39:31,603 [Worker-7: Building] WARN  o.e.m.c.i.embedder.EclipseLogger - Using platform encoding (Cp1252 actually) to copy filtered resources, i.e. build is platform dependent!
2021-10-20 10:39:31,604 [Worker-7: Building] INFO  o.e.m.c.i.embedder.EclipseLogger - Copying 0 resource
2021-10-20 10:46:12,609 [Worker-24: Building] WARN  o.e.m.c.i.embedder.EclipseLogger - Using platform encoding (Cp1252 actually) to copy filtered resources, i.e. build is platform dependent!
2021-10-20 10:46:12,614 [Worker-24: Building] INFO  o.e.m.c.i.embedder.EclipseLogger - Copying 0 resource
2021-10-20 10:46:12,617 [Worker-24: Building] WARN  o.e.m.c.i.embedder.EclipseLogger - Using platform encoding (Cp1252 actually) to copy filtered resources, i.e. build is platform dependent!
2021-10-20 10:46:12,618 [Worker-24: Building] INFO  o.e.m.c.i.embedder.EclipseLogger - Copying 0 resource
2021-10-20 10:46:18,678 [Worker-14: Building] WARN  o.e.m.c.i.embedder.EclipseLogger - Using platform encoding (Cp1252 actually) to copy filtered resources, i.e. build is platform dependent!
2021-10-20 10:46:18,679 [Worker-14: Building] INFO  o.e.m.c.i.embedder.EclipseLogger - Copying 0 resource
2021-10-20 10:46:18,680 [Worker-14: Building] WARN  o.e.m.c.i.embedder.EclipseLogger - Using platform encoding (Cp1252 actually) to copy filtered resources, i.e. build is platform dependent!
2021-10-20 10:46:18,680 [Worker-14: Building] INFO  o.e.m.c.i.embedder.EclipseLogger - Copying 0 resource
2021-10-20 10:46:41,085 [Worker-3: Building] WARN  o.e.m.c.i.embedder.EclipseLogger - Using platform encoding (Cp1252 actually) to copy filtered resources, i.e. build is platform dependent!
2021-10-20 10:46:41,093 [Worker-3: Building] INFO  o.e.m.c.i.embedder.EclipseLogger - Copying 0 resource
2021-10-20 10:46:41,099 [Worker-3: Building] WARN  o.e.m.c.i.embedder.EclipseLogger - Using platform encoding (Cp1252 actually) to copy filtered resources, i.e. build is platform dependent!
2021-10-20 10:46:41,102 [Worker-3: Building] INFO  o.e.m.c.i.embedder.EclipseLogger - Copying 0 resource
2021-10-20 10:46:43,184 [Worker-3: Building] WARN  o.e.m.c.i.embedder.EclipseLogger - Using platform encoding (Cp1252 actually) to copy filtered resources, i.e. build is platform dependent!
2021-10-20 10:46:43,185 [Worker-3: Building] INFO  o.e.m.c.i.embedder.EclipseLogger - Copying 0 resource
2021-10-20 10:46:43,185 [Worker-3: Building] WARN  o.e.m.c.i.embedder.EclipseLogger - Using platform encoding (Cp1252 actually) to copy filtered resources, i.e. build is platform dependent!
2021-10-20 10:46:43,186 [Worker-3: Building] INFO  o.e.m.c.i.embedder.EclipseLogger - Copying 0 resource
2021-10-20 10:47:36,807 [Worker-2: Building] WARN  o.e.m.c.i.embedder.EclipseLogger - Using platform encoding (Cp1252 actually) to copy filtered resources, i.e. build is platform dependent!
2021-10-20 10:47:36,810 [Worker-2: Building] INFO  o.e.m.c.i.embedder.EclipseLogger - Copying 0 resource
2021-10-20 10:47:36,812 [Worker-2: Building] WARN  o.e.m.c.i.embedder.EclipseLogger - Using platform encoding (Cp1252 actually) to copy filtered resources, i.e. build is platform dependent!
2021-10-20 10:47:36,813 [Worker-2: Building] INFO  o.e.m.c.i.embedder.EclipseLogger - Copying 0 resource
2021-10-20 10:48:34,588 [Worker-0: Building] WARN  o.e.m.c.i.embedder.EclipseLogger - Using platform encoding (Cp1252 actually) to copy filtered resources, i.e. build is platform dependent!
2021-10-20 10:48:34,589 [Worker-0: Building] INFO  o.e.m.c.i.embedder.EclipseLogger - Copying 0 resource
2021-10-20 10:48:34,595 [Worker-0: Building] WARN  o.e.m.c.i.embedder.EclipseLogger - Using platform encoding (Cp1252 actually) to copy filtered resources, i.e. build is platform dependent!
2021-10-20 10:48:34,596 [Worker-0: Building] INFO  o.e.m.c.i.embedder.EclipseLogger - Copying 0 resource
2021-10-20 10:52:06,114 [Worker-0: Building] WARN  o.e.m.c.i.embedder.EclipseLogger - Using platform encoding (Cp1252 actually) to copy filtered resources, i.e. build is platform dependent!
2021-10-20 10:52:06,134 [Worker-0: Building] INFO  o.e.m.c.i.embedder.EclipseLogger - Copying 0 resource
2021-10-20 10:52:06,136 [Worker-0: Building] WARN  o.e.m.c.i.embedder.EclipseLogger - Using platform encoding (Cp1252 actually) to copy filtered resources, i.e. build is platform dependent!
2021-10-20 10:52:06,137 [Worker-0: Building] INFO  o.e.m.c.i.embedder.EclipseLogger - Copying 0 resource
2021-10-20 10:52:21,074 [Worker-0: Building] WARN  o.e.m.c.i.embedder.EclipseLogger - Using platform encoding (Cp1252 actually) to copy filtered resources, i.e. build is platform dependent!
2021-10-20 10:52:21,075 [Worker-0: Building] INFO  o.e.m.c.i.embedder.EclipseLogger - Copying 0 resource
2021-10-20 10:52:21,076 [Worker-0: Building] WARN  o.e.m.c.i.embedder.EclipseLogger - Using platform encoding (Cp1252 actually) to copy filtered resources, i.e. build is platform dependent!
2021-10-20 10:52:21,077 [Worker-0: Building] INFO  o.e.m.c.i.embedder.EclipseLogger - Copying 0 resource
2021-10-20 10:52:23,449 [Worker-24: Building] WARN  o.e.m.c.i.embedder.EclipseLogger - Using platform encoding (Cp1252 actually) to copy filtered resources, i.e. build is platform dependent!
2021-10-20 10:52:23,450 [Worker-24: Building] INFO  o.e.m.c.i.embedder.EclipseLogger - Copying 0 resource
2021-10-20 10:52:23,451 [Worker-24: Building] WARN  o.e.m.c.i.embedder.EclipseLogger - Using platform encoding (Cp1252 actually) to copy filtered resources, i.e. build is platform dependent!
2021-10-20 10:52:23,452 [Worker-24: Building] INFO  o.e.m.c.i.embedder.EclipseLogger - Copying 0 resource
2021-10-20 10:52:34,357 [Worker-14: Building] WARN  o.e.m.c.i.embedder.EclipseLogger - Using platform encoding (Cp1252 actually) to copy filtered resources, i.e. build is platform dependent!
2021-10-20 10:52:34,360 [Worker-14: Building] INFO  o.e.m.c.i.embedder.EclipseLogger - Copying 0 resource
2021-10-20 10:52:34,362 [Worker-14: Building] WARN  o.e.m.c.i.embedder.EclipseLogger - Using platform encoding (Cp1252 actually) to copy filtered resources, i.e. build is platform dependent!
2021-10-20 10:52:34,364 [Worker-14: Building] INFO  o.e.m.c.i.embedder.EclipseLogger - Copying 0 resource
2021-10-20 10:53:55,337 [Worker-2: Building] WARN  o.e.m.c.i.embedder.EclipseLogger - Using platform encoding (Cp1252 actually) to copy filtered resources, i.e. build is platform dependent!
2021-10-20 10:53:55,337 [Worker-2: Building] INFO  o.e.m.c.i.embedder.EclipseLogger - Copying 0 resource
2021-10-20 10:53:55,338 [Worker-2: Building] WARN  o.e.m.c.i.embedder.EclipseLogger - Using platform encoding (Cp1252 actually) to copy filtered resources, i.e. build is platform dependent!
2021-10-20 10:53:55,339 [Worker-2: Building] INFO  o.e.m.c.i.embedder.EclipseLogger - Copying 0 resource
2021-10-20 10:54:07,313 [Worker-7: Building] WARN  o.e.m.c.i.embedder.EclipseLogger - Using platform encoding (Cp1252 actually) to copy filtered resources, i.e. build is platform dependent!
2021-10-20 10:54:07,314 [Worker-7: Building] INFO  o.e.m.c.i.embedder.EclipseLogger - Copying 0 resource
2021-10-20 10:54:07,315 [Worker-7: Building] WARN  o.e.m.c.i.embedder.EclipseLogger - Using platform encoding (Cp1252 actually) to copy filtered resources, i.e. build is platform dependent!
2021-10-20 10:54:07,316 [Worker-7: Building] INFO  o.e.m.c.i.embedder.EclipseLogger - Copying 0 resource
2021-10-20 10:59:19,184 [Worker-7: Launching TrangChu] WARN  o.e.m.c.i.embedder.EclipseLogger - Using platform encoding (Cp1252 actually) to copy filtered resources, i.e. build is platform dependent!
2021-10-20 10:59:19,186 [Worker-7: Launching TrangChu] INFO  o.e.m.c.i.embedder.EclipseLogger - Copying 0 resource
2021-10-20 10:59:19,188 [Worker-7: Launching TrangChu] WARN  o.e.m.c.i.embedder.EclipseLogger - Using platform encoding (Cp1252 actually) to copy filtered resources, i.e. build is platform dependent!
2021-10-20 10:59:19,192 [Worker-7: Launching TrangChu] INFO  o.e.m.c.i.embedder.EclipseLogger - Copying 0 resource
2021-10-20 11:00:06,007 [Worker-29: Launching TrangChu] WARN  o.e.m.c.i.embedder.EclipseLogger - Using platform encoding (Cp1252 actually) to copy filtered resources, i.e. build is platform dependent!
2021-10-20 11:00:06,011 [Worker-29: Launching TrangChu] INFO  o.e.m.c.i.embedder.EclipseLogger - Copying 0 resource
2021-10-20 11:00:06,013 [Worker-29: Launching TrangChu] WARN  o.e.m.c.i.embedder.EclipseLogger - Using platform encoding (Cp1252 actually) to copy filtered resources, i.e. build is platform dependent!
2021-10-20 11:00:06,015 [Worker-29: Launching TrangChu] INFO  o.e.m.c.i.embedder.EclipseLogger - Copying 0 resource
2021-10-20 11:00:21,399 [Worker-29: Launching TrangChu] WARN  o.e.m.c.i.embedder.EclipseLogger - Using platform encoding (Cp1252 actually) to copy filtered resources, i.e. build is platform dependent!
2021-10-20 11:00:21,400 [Worker-29: Launching TrangChu] INFO  o.e.m.c.i.embedder.EclipseLogger - Copying 0 resource
2021-10-20 11:00:21,402 [Worker-29: Launching TrangChu] WARN  o.e.m.c.i.embedder.EclipseLogger - Using platform encoding (Cp1252 actually) to copy filtered resources, i.e. build is platform dependent!
2021-10-20 11:00:21,402 [Worker-29: Launching TrangChu] INFO  o.e.m.c.i.embedder.EclipseLogger - Copying 0 resource
2021-10-20 11:03:13,419 [Worker-2: Building] WARN  o.e.m.c.i.embedder.EclipseLogger - Using platform encoding (Cp1252 actually) to copy filtered resources, i.e. build is platform dependent!
2021-10-20 11:03:13,420 [Worker-2: Building] INFO  o.e.m.c.i.embedder.EclipseLogger - Copying 0 resource
2021-10-20 11:03:13,421 [Worker-2: Building] WARN  o.e.m.c.i.embedder.EclipseLogger - Using platform encoding (Cp1252 actually) to copy filtered resources, i.e. build is platform dependent!
2021-10-20 11:03:13,421 [Worker-2: Building] INFO  o.e.m.c.i.embedder.EclipseLogger - Copying 0 resource
2021-10-20 11:12:00,101 [Worker-30: Building] WARN  o.e.m.c.i.embedder.EclipseLogger - Using platform encoding (Cp1252 actually) to copy filtered resources, i.e. build is platform dependent!
2021-10-20 11:12:00,102 [Worker-30: Building] INFO  o.e.m.c.i.embedder.EclipseLogger - Copying 0 resource
2021-10-20 11:12:00,102 [Worker-30: Building] WARN  o.e.m.c.i.embedder.EclipseLogger - Using platform encoding (Cp1252 actually) to copy filtered resources, i.e. build is platform dependent!
2021-10-20 11:12:00,103 [Worker-30: Building] INFO  o.e.m.c.i.embedder.EclipseLogger - Copying 0 resource
2021-10-20 11:16:14,631 [Worker-24: Building] WARN  o.e.m.c.i.embedder.EclipseLogger - Using platform encoding (Cp1252 actually) to copy filtered resources, i.e. build is platform dependent!
2021-10-20 11:16:14,650 [Worker-24: Building] INFO  o.e.m.c.i.embedder.EclipseLogger - Copying 0 resource
2021-10-20 11:16:14,650 [Worker-24: Building] WARN  o.e.m.c.i.embedder.EclipseLogger - Using platform encoding (Cp1252 actually) to copy filtered resources, i.e. build is platform dependent!
2021-10-20 11:16:14,651 [Worker-24: Building] INFO  o.e.m.c.i.embedder.EclipseLogger - Copying 0 resource
2021-10-20 11:21:01,004 [Worker-24: Building] WARN  o.e.m.c.i.embedder.EclipseLogger - Using platform encoding (Cp1252 actually) to copy filtered resources, i.e. build is platform dependent!
2021-10-20 11:21:01,006 [Worker-24: Building] INFO  o.e.m.c.i.embedder.EclipseLogger - Copying 0 resource
2021-10-20 11:21:01,007 [Worker-24: Building] WARN  o.e.m.c.i.embedder.EclipseLogger - Using platform encoding (Cp1252 actually) to copy filtered resources, i.e. build is platform dependent!
2021-10-20 11:21:01,008 [Worker-24: Building] INFO  o.e.m.c.i.embedder.EclipseLogger - Copying 0 resource
2021-10-20 11:22:17,422 [Worker-7: Building] WARN  o.e.m.c.i.embedder.EclipseLogger - Using platform encoding (Cp1252 actually) to copy filtered resources, i.e. build is platform dependent!
2021-10-20 11:22:17,423 [Worker-7: Building] INFO  o.e.m.c.i.embedder.EclipseLogger - Copying 0 resource
2021-10-20 11:22:17,427 [Worker-7: Building] WARN  o.e.m.c.i.embedder.EclipseLogger - Using platform encoding (Cp1252 actually) to copy filtered resources, i.e. build is platform dependent!
2021-10-20 11:22:17,429 [Worker-7: Building] INFO  o.e.m.c.i.embedder.EclipseLogger - Copying 0 resource
2021-10-20 11:22:30,634 [Worker-24: Building] WARN  o.e.m.c.i.embedder.EclipseLogger - Using platform encoding (Cp1252 actually) to copy filtered resources, i.e. build is platform dependent!
2021-10-20 11:22:30,635 [Worker-24: Building] INFO  o.e.m.c.i.embedder.EclipseLogger - Copying 0 resource
2021-10-20 11:22:30,636 [Worker-24: Building] WARN  o.e.m.c.i.embedder.EclipseLogger - Using platform encoding (Cp1252 actually) to copy filtered resources, i.e. build is platform dependent!
2021-10-20 11:22:30,636 [Worker-24: Building] INFO  o.e.m.c.i.embedder.EclipseLogger - Copying 0 resource
2021-10-20 11:22:37,539 [Worker-29: Building] WARN  o.e.m.c.i.embedder.EclipseLogger - Using platform encoding (Cp1252 actually) to copy filtered resources, i.e. build is platform dependent!
2021-10-20 11:22:37,539 [Worker-29: Building] INFO  o.e.m.c.i.embedder.EclipseLogger - Copying 0 resource
2021-10-20 11:22:37,540 [Worker-29: Building] WARN  o.e.m.c.i.embedder.EclipseLogger - Using platform encoding (Cp1252 actually) to copy filtered resources, i.e. build is platform dependent!
2021-10-20 11:22:37,540 [Worker-29: Building] INFO  o.e.m.c.i.embedder.EclipseLogger - Copying 0 resource
2021-10-20 11:24:54,383 [Worker-29: Building] WARN  o.e.m.c.i.embedder.EclipseLogger - Using platform encoding (Cp1252 actually) to copy filtered resources, i.e. build is platform dependent!
2021-10-20 11:24:54,384 [Worker-29: Building] INFO  o.e.m.c.i.embedder.EclipseLogger - Copying 0 resource
2021-10-20 11:24:54,385 [Worker-29: Building] WARN  o.e.m.c.i.embedder.EclipseLogger - Using platform encoding (Cp1252 actually) to copy filtered resources, i.e. build is platform dependent!
2021-10-20 11:24:54,386 [Worker-29: Building] INFO  o.e.m.c.i.embedder.EclipseLogger - Copying 0 resource
2021-10-20 11:25:23,165 [Worker-31: Building] WARN  o.e.m.c.i.embedder.EclipseLogger - Using platform encoding (Cp1252 actually) to copy filtered resources, i.e. build is platform dependent!
2021-10-20 11:25:23,167 [Worker-31: Building] INFO  o.e.m.c.i.embedder.EclipseLogger - Copying 0 resource
2021-10-20 11:25:23,169 [Worker-31: Building] WARN  o.e.m.c.i.embedder.EclipseLogger - Using platform encoding (Cp1252 actually) to copy filtered resources, i.e. build is platform dependent!
2021-10-20 11:25:23,170 [Worker-31: Building] INFO  o.e.m.c.i.embedder.EclipseLogger - Copying 0 resource
2021-10-20 11:25:54,977 [Worker-29: Building] WARN  o.e.m.c.i.embedder.EclipseLogger - Using platform encoding (Cp1252 actually) to copy filtered resources, i.e. build is platform dependent!
2021-10-20 11:25:54,978 [Worker-29: Building] INFO  o.e.m.c.i.embedder.EclipseLogger - Copying 0 resource
2021-10-20 11:25:54,980 [Worker-29: Building] WARN  o.e.m.c.i.embedder.EclipseLogger - Using platform encoding (Cp1252 actually) to copy filtered resources, i.e. build is platform dependent!
2021-10-20 11:25:54,982 [Worker-29: Building] INFO  o.e.m.c.i.embedder.EclipseLogger - Copying 0 resource
2021-10-20 11:26:08,918 [Worker-29: Building] WARN  o.e.m.c.i.embedder.EclipseLogger - Using platform encoding (Cp1252 actually) to copy filtered resources, i.e. build is platform dependent!
2021-10-20 11:26:08,919 [Worker-29: Building] INFO  o.e.m.c.i.embedder.EclipseLogger - Copying 0 resource
2021-10-20 11:26:08,920 [Worker-29: Building] WARN  o.e.m.c.i.embedder.EclipseLogger - Using platform encoding (Cp1252 actually) to copy filtered resources, i.e. build is platform dependent!
2021-10-20 11:26:08,921 [Worker-29: Building] INFO  o.e.m.c.i.embedder.EclipseLogger - Copying 0 resource
2021-10-20 11:27:16,232 [Worker-7: Launching TrangChu] WARN  o.e.m.c.i.embedder.EclipseLogger - Using platform encoding (Cp1252 actually) to copy filtered resources, i.e. build is platform dependent!
2021-10-20 11:27:16,233 [Worker-7: Launching TrangChu] INFO  o.e.m.c.i.embedder.EclipseLogger - Copying 0 resource
2021-10-20 11:27:16,235 [Worker-7: Launching TrangChu] WARN  o.e.m.c.i.embedder.EclipseLogger - Using platform encoding (Cp1252 actually) to copy filtered resources, i.e. build is platform dependent!
2021-10-20 11:27:16,236 [Worker-7: Launching TrangChu] INFO  o.e.m.c.i.embedder.EclipseLogger - Copying 0 resource
2021-10-20 11:33:26,719 [Worker-7: Building] WARN  o.e.m.c.i.embedder.EclipseLogger - Using platform encoding (Cp1252 actually) to copy filtered resources, i.e. build is platform dependent!
2021-10-20 11:33:27,560 [Worker-7: Building] INFO  o.e.m.c.i.embedder.EclipseLogger - Copying 0 resource
2021-10-20 11:33:27,561 [Worker-7: Building] WARN  o.e.m.c.i.embedder.EclipseLogger - Using platform encoding (Cp1252 actually) to copy filtered resources, i.e. build is platform dependent!
2021-10-20 11:33:27,562 [Worker-7: Building] INFO  o.e.m.c.i.embedder.EclipseLogger - Copying 0 resource
2021-10-20 11:39:17,704 [Worker-2: Building] WARN  o.e.m.c.i.embedder.EclipseLogger - Using platform encoding (Cp1252 actually) to copy filtered resources, i.e. build is platform dependent!
2021-10-20 11:39:17,712 [Worker-2: Building] INFO  o.e.m.c.i.embedder.EclipseLogger - Copying 0 resource
2021-10-20 11:39:17,715 [Worker-2: Building] WARN  o.e.m.c.i.embedder.EclipseLogger - Using platform encoding (Cp1252 actually) to copy filtered resources, i.e. build is platform dependent!
2021-10-20 11:39:17,716 [Worker-2: Building] INFO  o.e.m.c.i.embedder.EclipseLogger - Copying 0 resource
2021-10-20 11:39:19,840 [Worker-7: Loading available Gradle versions] INFO  o.e.b.c.i.u.g.PublishedGradleVersions - Gradle version information cache is up-to-date. Trying to read.
2021-10-23 11:57:49,918 [Worker-5: Loading available Gradle versions] INFO  o.e.b.c.i.u.g.PublishedGradleVersions - Gradle version information cache is up-to-date. Trying to read.
2021-10-23 11:57:51,532 [Worker-2: Building] WARN  o.e.m.c.i.embedder.EclipseLogger - Using platform encoding (Cp1252 actually) to copy filtered resources, i.e. build is platform dependent!
2021-10-23 11:57:51,538 [Worker-2: Building] INFO  o.e.m.c.i.embedder.EclipseLogger - Copying 0 resource
2021-10-23 11:57:51,541 [Worker-2: Building] WARN  o.e.m.c.i.embedder.EclipseLogger - Using platform encoding (Cp1252 actually) to copy filtered resources, i.e. build is platform dependent!
2021-10-23 11:57:51,542 [Worker-2: Building] INFO  o.e.m.c.i.embedder.EclipseLogger - skip non existing resourceDirectory D:\HOC_TAP\Nam 3-HK1\PTUD\BaiTapLon\QuanLyLuongSanPham\QuanLyLuongSanPham\src\test\resources
2021-10-23 11:57:53,333 [Worker-10: Building] INFO  o.e.m.c.i.l.LifecycleMappingFactory - Using org.eclipse.m2e.jdt.JarLifecycleMapping lifecycle mapping for MavenProject: DeTaiPTUD:DeTaiPTUD:0.0.1-SNAPSHOT @ D:\HOC_TAP\Nam 3-HK1\PTUD\BaiTapLon\QuanLyLuongSanPham\QuanLyLuongSanPham\pom.xml.
2021-10-23 11:57:54,269 [Worker-10: Building] WARN  o.e.m.c.i.embedder.EclipseLogger - Using platform encoding (Cp1252 actually) to copy filtered resources, i.e. build is platform dependent!
2021-10-23 11:57:54,270 [Worker-10: Building] INFO  o.e.m.c.i.embedder.EclipseLogger - Copying 0 resource
2021-10-23 11:57:54,271 [Worker-10: Building] WARN  o.e.m.c.i.embedder.EclipseLogger - Using platform encoding (Cp1252 actually) to copy filtered resources, i.e. build is platform dependent!
2021-10-23 11:57:54,272 [Worker-10: Building] INFO  o.e.m.c.i.embedder.EclipseLogger - skip non existing resourceDirectory D:\HOC_TAP\Nam 3-HK1\PTUD\BaiTapLon\QuanLyLuongSanPham\QuanLyLuongSanPham\src\test\resources
2021-10-23 11:57:55,615 [Worker-8: Building] WARN  o.e.m.c.i.embedder.EclipseLogger - Using platform encoding (Cp1252 actually) to copy filtered resources, i.e. build is platform dependent!
2021-10-23 11:57:55,618 [Worker-8: Building] INFO  o.e.m.c.i.embedder.EclipseLogger - Copying 13 resources
2021-10-23 11:57:55,654 [Worker-8: Building] WARN  o.e.m.c.i.embedder.EclipseLogger - Using platform encoding (Cp1252 actually) to copy filtered resources, i.e. build is platform dependent!
2021-10-23 11:57:55,655 [Worker-8: Building] INFO  o.e.m.c.i.embedder.EclipseLogger - skip non existing resourceDirectory D:\HOC_TAP\Nam 3-HK1\PTUD\BaiTapLon\QuanLyLuongSanPham\QuanLyLuongSanPham\src\test\resources
2021-10-23 11:58:00,798 [Worker-24: Building] WARN  o.e.m.c.i.embedder.EclipseLogger - Using platform encoding (Cp1252 actually) to copy filtered resources, i.e. build is platform dependent!
2021-10-23 11:58:00,800 [Worker-24: Building] INFO  o.e.m.c.i.embedder.EclipseLogger - Copying 13 resources
2021-10-23 11:58:00,833 [Worker-24: Building] WARN  o.e.m.c.i.embedder.EclipseLogger - Using platform encoding (Cp1252 actually) to copy filtered resources, i.e. build is platform dependent!
2021-10-23 11:58:00,836 [Worker-24: Building] INFO  o.e.m.c.i.embedder.EclipseLogger - skip non existing resourceDirectory D:\HOC_TAP\Nam 3-HK1\PTUD\BaiTapLon\QuanLyLuongSanPham\QuanLyLuongSanPham\src\test\resources
2021-10-23 11:58:13,070 [Worker-3: Building] WARN  o.e.m.c.i.embedder.EclipseLogger - Using platform encoding (Cp1252 actually) to copy filtered resources, i.e. build is platform dependent!
2021-10-23 11:58:13,071 [Worker-3: Building] INFO  o.e.m.c.i.embedder.EclipseLogger - Copying 13 resources
2021-10-23 11:58:13,075 [Worker-3: Building] WARN  o.e.m.c.i.embedder.EclipseLogger - Using platform encoding (Cp1252 actually) to copy filtered resources, i.e. build is platform dependent!
2021-10-23 11:58:13,076 [Worker-3: Building] INFO  o.e.m.c.i.embedder.EclipseLogger - skip non existing resourceDirectory D:\HOC_TAP\Nam 3-HK1\PTUD\BaiTapLon\QuanLyLuongSanPham\QuanLyLuongSanPham\src\test\resources
2021-10-23 12:06:18,787 [Worker-15: Building] WARN  o.e.m.c.i.embedder.EclipseLogger - Using platform encoding (Cp1252 actually) to copy filtered resources, i.e. build is platform dependent!
2021-10-23 12:06:18,835 [Worker-15: Building] INFO  o.e.m.c.i.embedder.EclipseLogger - Copying 13 resources
2021-10-23 12:06:18,837 [Worker-15: Building] WARN  o.e.m.c.i.embedder.EclipseLogger - Using platform encoding (Cp1252 actually) to copy filtered resources, i.e. build is platform dependent!
2021-10-23 12:06:18,837 [Worker-15: Building] INFO  o.e.m.c.i.embedder.EclipseLogger - skip non existing resourceDirectory D:\HOC_TAP\Nam 3-HK1\PTUD\BaiTapLon\QuanLyLuongSanPham\QuanLyLuongSanPham\src\test\resources
2021-10-23 12:07:08,116 [Worker-16: Building] WARN  o.e.m.c.i.embedder.EclipseLogger - Using platform encoding (Cp1252 actually) to copy filtered resources, i.e. build is platform dependent!
2021-10-23 12:07:08,118 [Worker-16: Building] INFO  o.e.m.c.i.embedder.EclipseLogger - Copying 13 resources
2021-10-23 12:07:08,121 [Worker-16: Building] WARN  o.e.m.c.i.embedder.EclipseLogger - Using platform encoding (Cp1252 actually) to copy filtered resources, i.e. build is platform dependent!
2021-10-23 12:07:08,121 [Worker-16: Building] INFO  o.e.m.c.i.embedder.EclipseLogger - skip non existing resourceDirectory D:\HOC_TAP\Nam 3-HK1\PTUD\BaiTapLon\QuanLyLuongSanPham\QuanLyLuongSanPham\src\test\resources
2021-10-23 12:10:25,345 [Worker-16: Launching TrangChu] WARN  o.e.m.c.i.embedder.EclipseLogger - Using platform encoding (Cp1252 actually) to copy filtered resources, i.e. build is platform dependent!
2021-10-23 12:10:25,347 [Worker-16: Launching TrangChu] INFO  o.e.m.c.i.embedder.EclipseLogger - Copying 13 resources
2021-10-23 12:10:25,351 [Worker-16: Launching TrangChu] WARN  o.e.m.c.i.embedder.EclipseLogger - Using platform encoding (Cp1252 actually) to copy filtered resources, i.e. build is platform dependent!
2021-10-23 12:10:25,354 [Worker-16: Launching TrangChu] INFO  o.e.m.c.i.embedder.EclipseLogger - skip non existing resourceDirectory D:\HOC_TAP\Nam 3-HK1\PTUD\BaiTapLon\QuanLyLuongSanPham\QuanLyLuongSanPham\src\test\resources
2021-10-23 12:13:04,768 [Worker-32: Building] WARN  o.e.m.c.i.embedder.EclipseLogger - Using platform encoding (Cp1252 actually) to copy filtered resources, i.e. build is platform dependent!
2021-10-23 12:13:04,770 [Worker-32: Building] INFO  o.e.m.c.i.embedder.EclipseLogger - Copying 13 resources
2021-10-23 12:13:04,771 [Worker-32: Building] WARN  o.e.m.c.i.embedder.EclipseLogger - Using platform encoding (Cp1252 actually) to copy filtered resources, i.e. build is platform dependent!
2021-10-23 12:13:04,772 [Worker-32: Building] INFO  o.e.m.c.i.embedder.EclipseLogger - skip non existing resourceDirectory D:\HOC_TAP\Nam 3-HK1\PTUD\BaiTapLon\QuanLyLuongSanPham\QuanLyLuongSanPham\src\test\resources
2021-10-23 12:13:12,440 [Worker-34: Building] WARN  o.e.m.c.i.embedder.EclipseLogger - Using platform encoding (Cp1252 actually) to copy filtered resources, i.e. build is platform dependent!
2021-10-23 12:13:12,442 [Worker-34: Building] INFO  o.e.m.c.i.embedder.EclipseLogger - Copying 13 resources
2021-10-23 12:13:12,444 [Worker-34: Building] WARN  o.e.m.c.i.embedder.EclipseLogger - Using platform encoding (Cp1252 actually) to copy filtered resources, i.e. build is platform dependent!
2021-10-23 12:13:12,445 [Worker-34: Building] INFO  o.e.m.c.i.embedder.EclipseLogger - skip non existing resourceDirectory D:\HOC_TAP\Nam 3-HK1\PTUD\BaiTapLon\QuanLyLuongSanPham\QuanLyLuongSanPham\src\test\resources
2021-10-23 12:19:39,977 [Worker-38: Building] WARN  o.e.m.c.i.embedder.EclipseLogger - Using platform encoding (Cp1252 actually) to copy filtered resources, i.e. build is platform dependent!
2021-10-23 12:19:39,979 [Worker-38: Building] INFO  o.e.m.c.i.embedder.EclipseLogger - Copying 13 resources
2021-10-23 12:19:39,983 [Worker-38: Building] WARN  o.e.m.c.i.embedder.EclipseLogger - Using platform encoding (Cp1252 actually) to copy filtered resources, i.e. build is platform dependent!
2021-10-23 12:19:39,984 [Worker-38: Building] INFO  o.e.m.c.i.embedder.EclipseLogger - skip non existing resourceDirectory D:\HOC_TAP\Nam 3-HK1\PTUD\BaiTapLon\QuanLyLuongSanPham\QuanLyLuongSanPham\src\test\resources
2021-10-23 12:19:46,724 [Worker-37: Building] WARN  o.e.m.c.i.embedder.EclipseLogger - Using platform encoding (Cp1252 actually) to copy filtered resources, i.e. build is platform dependent!
2021-10-23 12:19:46,726 [Worker-37: Building] INFO  o.e.m.c.i.embedder.EclipseLogger - Copying 13 resources
2021-10-23 12:19:46,728 [Worker-37: Building] WARN  o.e.m.c.i.embedder.EclipseLogger - Using platform encoding (Cp1252 actually) to copy filtered resources, i.e. build is platform dependent!
2021-10-23 12:19:46,728 [Worker-37: Building] INFO  o.e.m.c.i.embedder.EclipseLogger - skip non existing resourceDirectory D:\HOC_TAP\Nam 3-HK1\PTUD\BaiTapLon\QuanLyLuongSanPham\QuanLyLuongSanPham\src\test\resources
2021-10-23 12:20:01,046 [Worker-34: Building] WARN  o.e.m.c.i.embedder.EclipseLogger - Using platform encoding (Cp1252 actually) to copy filtered resources, i.e. build is platform dependent!
2021-10-23 12:20:01,047 [Worker-34: Building] INFO  o.e.m.c.i.embedder.EclipseLogger - Copying 13 resources
2021-10-23 12:20:01,049 [Worker-34: Building] WARN  o.e.m.c.i.embedder.EclipseLogger - Using platform encoding (Cp1252 actually) to copy filtered resources, i.e. build is platform dependent!
2021-10-23 12:20:01,050 [Worker-34: Building] INFO  o.e.m.c.i.embedder.EclipseLogger - skip non existing resourceDirectory D:\HOC_TAP\Nam 3-HK1\PTUD\BaiTapLon\QuanLyLuongSanPham\QuanLyLuongSanPham\src\test\resources
2021-10-23 12:20:04,701 [Worker-37: Building] WARN  o.e.m.c.i.embedder.EclipseLogger - Using platform encoding (Cp1252 actually) to copy filtered resources, i.e. build is platform dependent!
2021-10-23 12:20:04,702 [Worker-37: Building] INFO  o.e.m.c.i.embedder.EclipseLogger - Copying 13 resources
2021-10-23 12:20:04,703 [Worker-37: Building] WARN  o.e.m.c.i.embedder.EclipseLogger - Using platform encoding (Cp1252 actually) to copy filtered resources, i.e. build is platform dependent!
2021-10-23 12:20:04,704 [Worker-37: Building] INFO  o.e.m.c.i.embedder.EclipseLogger - skip non existing resourceDirectory D:\HOC_TAP\Nam 3-HK1\PTUD\BaiTapLon\QuanLyLuongSanPham\QuanLyLuongSanPham\src\test\resources
2021-10-23 12:21:46,917 [Worker-13: Building] WARN  o.e.m.c.i.embedder.EclipseLogger - Using platform encoding (Cp1252 actually) to copy filtered resources, i.e. build is platform dependent!
2021-10-23 12:21:46,926 [Worker-13: Building] INFO  o.e.m.c.i.embedder.EclipseLogger - Copying 0 resource
2021-10-23 12:21:46,929 [Worker-13: Building] WARN  o.e.m.c.i.embedder.EclipseLogger - Using platform encoding (Cp1252 actually) to copy filtered resources, i.e. build is platform dependent!
2021-10-23 12:21:46,931 [Worker-13: Building] INFO  o.e.m.c.i.embedder.EclipseLogger - skip non existing resourceDirectory D:\HOC_TAP\Nam 3-HK1\PTUD\BaiTapLon\QuanLyLuongSanPham\QuanLyLuongSanPham\src\test\resources
2021-10-23 12:21:48,273 [Worker-20: Building] WARN  o.e.m.c.i.embedder.EclipseLogger - Using platform encoding (Cp1252 actually) to copy filtered resources, i.e. build is platform dependent!
2021-10-23 12:21:48,277 [Worker-20: Building] INFO  o.e.m.c.i.embedder.EclipseLogger - Copying 13 resources
2021-10-23 12:21:48,360 [Worker-20: Building] WARN  o.e.m.c.i.embedder.EclipseLogger - Using platform encoding (Cp1252 actually) to copy filtered resources, i.e. build is platform dependent!
2021-10-23 12:21:48,360 [Worker-20: Building] INFO  o.e.m.c.i.embedder.EclipseLogger - skip non existing resourceDirectory D:\HOC_TAP\Nam 3-HK1\PTUD\BaiTapLon\QuanLyLuongSanPham\QuanLyLuongSanPham\src\test\resources
2021-10-23 12:25:39,142 [Worker-22: Building] WARN  o.e.m.c.i.embedder.EclipseLogger - Using platform encoding (Cp1252 actually) to copy filtered resources, i.e. build is platform dependent!
2021-10-23 12:25:39,149 [Worker-22: Building] INFO  o.e.m.c.i.embedder.EclipseLogger - Copying 13 resources
2021-10-23 12:25:39,152 [Worker-22: Building] WARN  o.e.m.c.i.embedder.EclipseLogger - Using platform encoding (Cp1252 actually) to copy filtered resources, i.e. build is platform dependent!
2021-10-23 12:25:39,153 [Worker-22: Building] INFO  o.e.m.c.i.embedder.EclipseLogger - skip non existing resourceDirectory D:\HOC_TAP\Nam 3-HK1\PTUD\BaiTapLon\QuanLyLuongSanPham\QuanLyLuongSanPham\src\test\resources
2021-10-23 12:25:42,748 [Worker-19: Building] WARN  o.e.m.c.i.embedder.EclipseLogger - Using platform encoding (Cp1252 actually) to copy filtered resources, i.e. build is platform dependent!
2021-10-23 12:25:42,750 [Worker-19: Building] INFO  o.e.m.c.i.embedder.EclipseLogger - Copying 13 resources
2021-10-23 12:25:42,752 [Worker-19: Building] WARN  o.e.m.c.i.embedder.EclipseLogger - Using platform encoding (Cp1252 actually) to copy filtered resources, i.e. build is platform dependent!
2021-10-23 12:25:42,753 [Worker-19: Building] INFO  o.e.m.c.i.embedder.EclipseLogger - skip non existing resourceDirectory D:\HOC_TAP\Nam 3-HK1\PTUD\BaiTapLon\QuanLyLuongSanPham\QuanLyLuongSanPham\src\test\resources
2021-10-23 12:28:15,835 [Worker-29: Building] WARN  o.e.m.c.i.embedder.EclipseLogger - Using platform encoding (Cp1252 actually) to copy filtered resources, i.e. build is platform dependent!
2021-10-23 12:28:15,837 [Worker-29: Building] INFO  o.e.m.c.i.embedder.EclipseLogger - Copying 13 resources
2021-10-23 12:28:15,839 [Worker-29: Building] WARN  o.e.m.c.i.embedder.EclipseLogger - Using platform encoding (Cp1252 actually) to copy filtered resources, i.e. build is platform dependent!
2021-10-23 12:28:15,840 [Worker-29: Building] INFO  o.e.m.c.i.embedder.EclipseLogger - skip non existing resourceDirectory D:\HOC_TAP\Nam 3-HK1\PTUD\BaiTapLon\QuanLyLuongSanPham\QuanLyLuongSanPham\src\test\resources
2021-10-23 12:28:21,044 [Worker-19: Building] WARN  o.e.m.c.i.embedder.EclipseLogger - Using platform encoding (Cp1252 actually) to copy filtered resources, i.e. build is platform dependent!
2021-10-23 12:28:21,046 [Worker-19: Building] INFO  o.e.m.c.i.embedder.EclipseLogger - Copying 13 resources
2021-10-23 12:28:21,048 [Worker-19: Building] WARN  o.e.m.c.i.embedder.EclipseLogger - Using platform encoding (Cp1252 actually) to copy filtered resources, i.e. build is platform dependent!
2021-10-23 12:28:21,049 [Worker-19: Building] INFO  o.e.m.c.i.embedder.EclipseLogger - skip non existing resourceDirectory D:\HOC_TAP\Nam 3-HK1\PTUD\BaiTapLon\QuanLyLuongSanPham\QuanLyLuongSanPham\src\test\resources
2021-10-23 12:29:05,177 [Worker-30: Building] WARN  o.e.m.c.i.embedder.EclipseLogger - Using platform encoding (Cp1252 actually) to copy filtered resources, i.e. build is platform dependent!
2021-10-23 12:29:05,178 [Worker-30: Building] INFO  o.e.m.c.i.embedder.EclipseLogger - Copying 13 resources
2021-10-23 12:29:05,181 [Worker-30: Building] WARN  o.e.m.c.i.embedder.EclipseLogger - Using platform encoding (Cp1252 actually) to copy filtered resources, i.e. build is platform dependent!
2021-10-23 12:29:05,181 [Worker-30: Building] INFO  o.e.m.c.i.embedder.EclipseLogger - skip non existing resourceDirectory D:\HOC_TAP\Nam 3-HK1\PTUD\BaiTapLon\QuanLyLuongSanPham\QuanLyLuongSanPham\src\test\resources
2021-10-23 12:29:35,394 [Worker-30: Building] WARN  o.e.m.c.i.embedder.EclipseLogger - Using platform encoding (Cp1252 actually) to copy filtered resources, i.e. build is platform dependent!
2021-10-23 12:29:35,395 [Worker-30: Building] INFO  o.e.m.c.i.embedder.EclipseLogger - Copying 13 resources
2021-10-23 12:29:35,397 [Worker-30: Building] WARN  o.e.m.c.i.embedder.EclipseLogger - Using platform encoding (Cp1252 actually) to copy filtered resources, i.e. build is platform dependent!
2021-10-23 12:29:35,398 [Worker-30: Building] INFO  o.e.m.c.i.embedder.EclipseLogger - skip non existing resourceDirectory D:\HOC_TAP\Nam 3-HK1\PTUD\BaiTapLon\QuanLyLuongSanPham\QuanLyLuongSanPham\src\test\resources
2021-10-23 12:30:03,958 [Worker-19: Building] WARN  o.e.m.c.i.embedder.EclipseLogger - Using platform encoding (Cp1252 actually) to copy filtered resources, i.e. build is platform dependent!
2021-10-23 12:30:03,959 [Worker-19: Building] INFO  o.e.m.c.i.embedder.EclipseLogger - Copying 13 resources
2021-10-23 12:30:03,960 [Worker-19: Building] WARN  o.e.m.c.i.embedder.EclipseLogger - Using platform encoding (Cp1252 actually) to copy filtered resources, i.e. build is platform dependent!
2021-10-23 12:30:03,961 [Worker-19: Building] INFO  o.e.m.c.i.embedder.EclipseLogger - skip non existing resourceDirectory D:\HOC_TAP\Nam 3-HK1\PTUD\BaiTapLon\QuanLyLuongSanPham\QuanLyLuongSanPham\src\test\resources
2021-10-23 12:31:36,423 [Worker-19: Loading available Gradle versions] INFO  o.e.b.c.i.u.g.PublishedGradleVersions - Gradle version information cache is up-to-date. Trying to read.
2021-10-23 12:35:02,742 [Worker-30: Building] WARN  o.e.m.c.i.embedder.EclipseLogger - Using platform encoding (Cp1252 actually) to copy filtered resources, i.e. build is platform dependent!
2021-10-23 12:35:02,743 [Worker-30: Building] INFO  o.e.m.c.i.embedder.EclipseLogger - Copying 13 resources
2021-10-23 12:35:02,745 [Worker-30: Building] WARN  o.e.m.c.i.embedder.EclipseLogger - Using platform encoding (Cp1252 actually) to copy filtered resources, i.e. build is platform dependent!
2021-10-23 12:35:02,745 [Worker-30: Building] INFO  o.e.m.c.i.embedder.EclipseLogger - skip non existing resourceDirectory D:\HOC_TAP\Nam 3-HK1\PTUD\BaiTapLon\QuanLyLuongSanPham\QuanLyLuongSanPham\src\test\resources
2021-10-23 12:36:14,586 [Worker-32: Building] WARN  o.e.m.c.i.embedder.EclipseLogger - Using platform encoding (Cp1252 actually) to copy filtered resources, i.e. build is platform dependent!
2021-10-23 12:36:14,587 [Worker-32: Building] INFO  o.e.m.c.i.embedder.EclipseLogger - Copying 13 resources
2021-10-23 12:36:14,589 [Worker-32: Building] WARN  o.e.m.c.i.embedder.EclipseLogger - Using platform encoding (Cp1252 actually) to copy filtered resources, i.e. build is platform dependent!
2021-10-23 12:36:14,590 [Worker-32: Building] INFO  o.e.m.c.i.embedder.EclipseLogger - skip non existing resourceDirectory D:\HOC_TAP\Nam 3-HK1\PTUD\BaiTapLon\QuanLyLuongSanPham\QuanLyLuongSanPham\src\test\resources
2021-10-23 12:36:18,569 [Worker-32: Building] WARN  o.e.m.c.i.embedder.EclipseLogger - Using platform encoding (Cp1252 actually) to copy filtered resources, i.e. build is platform dependent!
2021-10-23 12:36:18,570 [Worker-32: Building] INFO  o.e.m.c.i.embedder.EclipseLogger - Copying 13 resources
2021-10-23 12:36:18,572 [Worker-32: Building] WARN  o.e.m.c.i.embedder.EclipseLogger - Using platform encoding (Cp1252 actually) to copy filtered resources, i.e. build is platform dependent!
2021-10-23 12:36:18,572 [Worker-32: Building] INFO  o.e.m.c.i.embedder.EclipseLogger - skip non existing resourceDirectory D:\HOC_TAP\Nam 3-HK1\PTUD\BaiTapLon\QuanLyLuongSanPham\QuanLyLuongSanPham\src\test\resources
2021-10-23 12:36:27,910 [Worker-31: Building] WARN  o.e.m.c.i.embedder.EclipseLogger - Using platform encoding (Cp1252 actually) to copy filtered resources, i.e. build is platform dependent!
2021-10-23 12:36:27,911 [Worker-31: Building] INFO  o.e.m.c.i.embedder.EclipseLogger - Copying 13 resources
2021-10-23 12:36:27,914 [Worker-31: Building] WARN  o.e.m.c.i.embedder.EclipseLogger - Using platform encoding (Cp1252 actually) to copy filtered resources, i.e. build is platform dependent!
2021-10-23 12:36:27,914 [Worker-31: Building] INFO  o.e.m.c.i.embedder.EclipseLogger - skip non existing resourceDirectory D:\HOC_TAP\Nam 3-HK1\PTUD\BaiTapLon\QuanLyLuongSanPham\QuanLyLuongSanPham\src\test\resources
2021-10-23 12:38:38,792 [Worker-32: Building] WARN  o.e.m.c.i.embedder.EclipseLogger - Using platform encoding (Cp1252 actually) to copy filtered resources, i.e. build is platform dependent!
2021-10-23 12:38:38,793 [Worker-32: Building] INFO  o.e.m.c.i.embedder.EclipseLogger - Copying 13 resources
2021-10-23 12:38:38,795 [Worker-32: Building] WARN  o.e.m.c.i.embedder.EclipseLogger - Using platform encoding (Cp1252 actually) to copy filtered resources, i.e. build is platform dependent!
2021-10-23 12:38:38,795 [Worker-32: Building] INFO  o.e.m.c.i.embedder.EclipseLogger - skip non existing resourceDirectory D:\HOC_TAP\Nam 3-HK1\PTUD\BaiTapLon\QuanLyLuongSanPham\QuanLyLuongSanPham\src\test\resources
2021-10-23 12:38:46,869 [Worker-30: Building] WARN  o.e.m.c.i.embedder.EclipseLogger - Using platform encoding (Cp1252 actually) to copy filtered resources, i.e. build is platform dependent!
2021-10-23 12:38:46,870 [Worker-30: Building] INFO  o.e.m.c.i.embedder.EclipseLogger - Copying 13 resources
2021-10-23 12:38:46,872 [Worker-30: Building] WARN  o.e.m.c.i.embedder.EclipseLogger - Using platform encoding (Cp1252 actually) to copy filtered resources, i.e. build is platform dependent!
2021-10-23 12:38:46,873 [Worker-30: Building] INFO  o.e.m.c.i.embedder.EclipseLogger - skip non existing resourceDirectory D:\HOC_TAP\Nam 3-HK1\PTUD\BaiTapLon\QuanLyLuongSanPham\QuanLyLuongSanPham\src\test\resources
2021-10-23 12:39:24,948 [Worker-31: Building] WARN  o.e.m.c.i.embedder.EclipseLogger - Using platform encoding (Cp1252 actually) to copy filtered resources, i.e. build is platform dependent!
2021-10-23 12:39:24,949 [Worker-31: Building] INFO  o.e.m.c.i.embedder.EclipseLogger - Copying 13 resources
2021-10-23 12:39:24,953 [Worker-31: Building] WARN  o.e.m.c.i.embedder.EclipseLogger - Using platform encoding (Cp1252 actually) to copy filtered resources, i.e. build is platform dependent!
2021-10-23 12:39:24,954 [Worker-31: Building] INFO  o.e.m.c.i.embedder.EclipseLogger - skip non existing resourceDirectory D:\HOC_TAP\Nam 3-HK1\PTUD\BaiTapLon\QuanLyLuongSanPham\QuanLyLuongSanPham\src\test\resources
2021-10-23 12:39:33,977 [Worker-32: Building] WARN  o.e.m.c.i.embedder.EclipseLogger - Using platform encoding (Cp1252 actually) to copy filtered resources, i.e. build is platform dependent!
2021-10-23 12:39:33,979 [Worker-32: Building] INFO  o.e.m.c.i.embedder.EclipseLogger - Copying 13 resources
2021-10-23 12:39:33,981 [Worker-32: Building] WARN  o.e.m.c.i.embedder.EclipseLogger - Using platform encoding (Cp1252 actually) to copy filtered resources, i.e. build is platform dependent!
2021-10-23 12:39:33,982 [Worker-32: Building] INFO  o.e.m.c.i.embedder.EclipseLogger - skip non existing resourceDirectory D:\HOC_TAP\Nam 3-HK1\PTUD\BaiTapLon\QuanLyLuongSanPham\QuanLyLuongSanPham\src\test\resources
2021-10-23 12:39:52,375 [Worker-33: Building] WARN  o.e.m.c.i.embedder.EclipseLogger - Using platform encoding (Cp1252 actually) to copy filtered resources, i.e. build is platform dependent!
2021-10-23 12:39:52,377 [Worker-33: Building] INFO  o.e.m.c.i.embedder.EclipseLogger - Copying 13 resources
2021-10-23 12:39:52,378 [Worker-33: Building] WARN  o.e.m.c.i.embedder.EclipseLogger - Using platform encoding (Cp1252 actually) to copy filtered resources, i.e. build is platform dependent!
2021-10-23 12:39:52,379 [Worker-33: Building] INFO  o.e.m.c.i.embedder.EclipseLogger - skip non existing resourceDirectory D:\HOC_TAP\Nam 3-HK1\PTUD\BaiTapLon\QuanLyLuongSanPham\QuanLyLuongSanPham\src\test\resources
2021-10-23 12:40:00,720 [Worker-32: Building] WARN  o.e.m.c.i.embedder.EclipseLogger - Using platform encoding (Cp1252 actually) to copy filtered resources, i.e. build is platform dependent!
2021-10-23 12:40:00,721 [Worker-32: Building] INFO  o.e.m.c.i.embedder.EclipseLogger - Copying 13 resources
2021-10-23 12:40:00,723 [Worker-32: Building] WARN  o.e.m.c.i.embedder.EclipseLogger - Using platform encoding (Cp1252 actually) to copy filtered resources, i.e. build is platform dependent!
2021-10-23 12:40:00,724 [Worker-32: Building] INFO  o.e.m.c.i.embedder.EclipseLogger - skip non existing resourceDirectory D:\HOC_TAP\Nam 3-HK1\PTUD\BaiTapLon\QuanLyLuongSanPham\QuanLyLuongSanPham\src\test\resources
2021-10-23 12:42:35,064 [Worker-32: Launching TrangChu] WARN  o.e.m.c.i.embedder.EclipseLogger - Using platform encoding (Cp1252 actually) to copy filtered resources, i.e. build is platform dependent!
2021-10-23 12:42:35,066 [Worker-32: Launching TrangChu] INFO  o.e.m.c.i.embedder.EclipseLogger - Copying 13 resources
2021-10-23 12:42:35,068 [Worker-32: Launching TrangChu] WARN  o.e.m.c.i.embedder.EclipseLogger - Using platform encoding (Cp1252 actually) to copy filtered resources, i.e. build is platform dependent!
2021-10-23 12:42:35,069 [Worker-32: Launching TrangChu] INFO  o.e.m.c.i.embedder.EclipseLogger - skip non existing resourceDirectory D:\HOC_TAP\Nam 3-HK1\PTUD\BaiTapLon\QuanLyLuongSanPham\QuanLyLuongSanPham\src\test\resources
2021-10-23 12:43:27,078 [Worker-30: Building] WARN  o.e.m.c.i.embedder.EclipseLogger - Using platform encoding (Cp1252 actually) to copy filtered resources, i.e. build is platform dependent!
2021-10-23 12:43:27,080 [Worker-30: Building] INFO  o.e.m.c.i.embedder.EclipseLogger - Copying 13 resources
2021-10-23 12:43:27,083 [Worker-30: Building] WARN  o.e.m.c.i.embedder.EclipseLogger - Using platform encoding (Cp1252 actually) to copy filtered resources, i.e. build is platform dependent!
2021-10-23 12:43:27,083 [Worker-30: Building] INFO  o.e.m.c.i.embedder.EclipseLogger - skip non existing resourceDirectory D:\HOC_TAP\Nam 3-HK1\PTUD\BaiTapLon\QuanLyLuongSanPham\QuanLyLuongSanPham\src\test\resources
2021-10-23 12:43:34,028 [Worker-34: Building] WARN  o.e.m.c.i.embedder.EclipseLogger - Using platform encoding (Cp1252 actually) to copy filtered resources, i.e. build is platform dependent!
2021-10-23 12:43:34,030 [Worker-34: Building] INFO  o.e.m.c.i.embedder.EclipseLogger - Copying 13 resources
2021-10-23 12:43:34,033 [Worker-34: Building] WARN  o.e.m.c.i.embedder.EclipseLogger - Using platform encoding (Cp1252 actually) to copy filtered resources, i.e. build is platform dependent!
2021-10-23 12:43:34,033 [Worker-34: Building] INFO  o.e.m.c.i.embedder.EclipseLogger - skip non existing resourceDirectory D:\HOC_TAP\Nam 3-HK1\PTUD\BaiTapLon\QuanLyLuongSanPham\QuanLyLuongSanPham\src\test\resources
2021-10-23 12:44:55,477 [Worker-31: Building] WARN  o.e.m.c.i.embedder.EclipseLogger - Using platform encoding (Cp1252 actually) to copy filtered resources, i.e. build is platform dependent!
2021-10-23 12:44:55,479 [Worker-31: Building] INFO  o.e.m.c.i.embedder.EclipseLogger - Copying 13 resources
2021-10-23 12:44:55,482 [Worker-31: Building] WARN  o.e.m.c.i.embedder.EclipseLogger - Using platform encoding (Cp1252 actually) to copy filtered resources, i.e. build is platform dependent!
2021-10-23 12:44:55,483 [Worker-31: Building] INFO  o.e.m.c.i.embedder.EclipseLogger - skip non existing resourceDirectory D:\HOC_TAP\Nam 3-HK1\PTUD\BaiTapLon\QuanLyLuongSanPham\QuanLyLuongSanPham\src\test\resources
2021-10-23 12:44:59,282 [Worker-32: Building] WARN  o.e.m.c.i.embedder.EclipseLogger - Using platform encoding (Cp1252 actually) to copy filtered resources, i.e. build is platform dependent!
2021-10-23 12:44:59,283 [Worker-32: Building] INFO  o.e.m.c.i.embedder.EclipseLogger - Copying 13 resources
2021-10-23 12:44:59,285 [Worker-32: Building] WARN  o.e.m.c.i.embedder.EclipseLogger - Using platform encoding (Cp1252 actually) to copy filtered resources, i.e. build is platform dependent!
2021-10-23 12:44:59,285 [Worker-32: Building] INFO  o.e.m.c.i.embedder.EclipseLogger - skip non existing resourceDirectory D:\HOC_TAP\Nam 3-HK1\PTUD\BaiTapLon\QuanLyLuongSanPham\QuanLyLuongSanPham\src\test\resources
2021-10-23 12:46:38,272 [Worker-0: Building] WARN  o.e.m.c.i.embedder.EclipseLogger - Using platform encoding (Cp1252 actually) to copy filtered resources, i.e. build is platform dependent!
2021-10-23 12:46:38,280 [Worker-0: Building] INFO  o.e.m.c.i.embedder.EclipseLogger - Copying 0 resource
2021-10-23 12:46:38,282 [Worker-0: Building] WARN  o.e.m.c.i.embedder.EclipseLogger - Using platform encoding (Cp1252 actually) to copy filtered resources, i.e. build is platform dependent!
2021-10-23 12:46:38,284 [Worker-0: Building] INFO  o.e.m.c.i.embedder.EclipseLogger - skip non existing resourceDirectory D:\HOC_TAP\Nam 3-HK1\PTUD\BaiTapLon\QuanLyLuongSanPham\QuanLyLuongSanPham\src\test\resources
2021-10-23 12:46:38,797 [Worker-5: Loading available Gradle versions] INFO  o.e.b.c.i.u.g.PublishedGradleVersions - Gradle version information cache is up-to-date. Trying to read.
2021-10-23 15:09:44,684 [Worker-2: Loading available Gradle versions] INFO  o.e.b.c.i.u.g.PublishedGradleVersions - Gradle version information cache is up-to-date. Trying to read.
2021-10-23 15:10:09,210 [Worker-17: Building] WARN  o.e.m.c.i.embedder.EclipseLogger - Using platform encoding (Cp1252 actually) to copy filtered resources, i.e. build is platform dependent!
2021-10-23 15:10:09,216 [Worker-17: Building] INFO  o.e.m.c.i.embedder.EclipseLogger - Copying 26 resources
2021-10-23 15:10:09,258 [Worker-17: Building] WARN  o.e.m.c.i.embedder.EclipseLogger - Using platform encoding (Cp1252 actually) to copy filtered resources, i.e. build is platform dependent!
2021-10-23 15:10:09,259 [Worker-17: Building] INFO  o.e.m.c.i.embedder.EclipseLogger - skip non existing resourceDirectory D:\HOC_TAP\Nam 3-HK1\PTUD\BaiTapLon\QuanLyLuongSanPham\QuanLyLuongSanPham\src\test\resources
